0 info it worked if it ends with ok
1 verbose cli [ '/usr/local/bin/node',
1 verbose cli   '/usr/local/lib/node_modules/@q/qnpm/node_modules/.bin/npm',
1 verbose cli   '--userconfig=/Users/yandeqiang/.qnpmrc',
1 verbose cli   '--disturl=https://npm.taobao.org/mirrors/node',
1 verbose cli   '--cache=/Users/yandeqiang/.qnpm',
1 verbose cli   '--registry=http://registry.npm.qiwoo.org',
1 verbose cli   '--node-gyp=/usr/local/lib/node_modules/@q/qnpm/node_modules/node-gyp/bin/node-gyp.js',
1 verbose cli   'install',
1 verbose cli   '-D',
1 verbose cli   'chimee-plugin-gesture@0.0.8' ]
2 info using npm@3.10.10
3 info using node@v8.4.0
4 silly loadCurrentTree Starting
5 silly install loadCurrentTree
6 silly install readLocalPackageData
7 silly fetchPackageMetaData chimee-plugin-gesture@0.0.8
8 silly fetchNamedPackageData chimee-plugin-gesture
9 silly mapToRegistry name chimee-plugin-gesture
10 silly mapToRegistry using default registry
11 silly mapToRegistry registry http://registry.npm.qiwoo.org/
12 silly mapToRegistry data Result {
12 silly mapToRegistry   raw: 'chimee-plugin-gesture',
12 silly mapToRegistry   scope: null,
12 silly mapToRegistry   escapedName: 'chimee-plugin-gesture',
12 silly mapToRegistry   name: 'chimee-plugin-gesture',
12 silly mapToRegistry   rawSpec: '',
12 silly mapToRegistry   spec: 'latest',
12 silly mapToRegistry   type: 'tag' }
13 silly mapToRegistry uri http://registry.npm.qiwoo.org/chimee-plugin-gesture
14 verbose request uri http://registry.npm.qiwoo.org/chimee-plugin-gesture
15 verbose request no auth needed
16 info attempt registry request try #1 at 16:46:07
17 verbose request using bearer token for auth
18 verbose request id aa69b952636a2a28
19 verbose etag "3f25-1RomGfdaUz3cNAWqBg/+zw"
20 http request GET http://registry.npm.qiwoo.org/chimee-plugin-gesture
21 http 304 http://registry.npm.qiwoo.org/chimee-plugin-gesture
22 verbose headers { server: 'nginx/1.6.3',
22 verbose headers   date: 'Fri, 08 Dec 2017 08:46:07 GMT',
22 verbose headers   connection: 'close',
22 verbose headers   vary: 'Accept-Encoding',
22 verbose headers   etag: '"3f25-1RomGfdaUz3cNAWqBg/+zw"',
22 verbose headers   'x-readtime': '26' }
23 silly get cb [ 304,
23 silly get   { server: 'nginx/1.6.3',
23 silly get     date: 'Fri, 08 Dec 2017 08:46:07 GMT',
23 silly get     connection: 'close',
23 silly get     vary: 'Accept-Encoding',
23 silly get     etag: '"3f25-1RomGfdaUz3cNAWqBg/+zw"',
23 silly get     'x-readtime': '26' } ]
24 verbose etag http://registry.npm.qiwoo.org/chimee-plugin-gesture from cache
25 verbose get saving chimee-plugin-gesture to /Users/yandeqiang/.qnpm/registry.npm.qiwoo.org/chimee-plugin-gesture/.cache.json
26 verbose correctMkdir /Users/yandeqiang/.qnpm correctMkdir not in flight; initializing
27 silly fetchNamedPackageData No valid target from cache, forcing network
28 verbose request uri http://registry.npm.qiwoo.org/chimee-plugin-gesture
29 verbose request no auth needed
30 info attempt registry request try #1 at 16:46:08
31 verbose request using bearer token for auth
32 http request GET http://registry.npm.qiwoo.org/chimee-plugin-gesture
33 http 200 http://registry.npm.qiwoo.org/chimee-plugin-gesture
34 verbose headers { server: 'nginx/1.6.3',
34 verbose headers   date: 'Fri, 08 Dec 2017 08:46:08 GMT',
34 verbose headers   'content-type': 'application/json; charset=utf-8',
34 verbose headers   'transfer-encoding': 'chunked',
34 verbose headers   connection: 'close',
34 verbose headers   vary: 'Accept-Encoding',
34 verbose headers   etag: '"3f25-1RomGfdaUz3cNAWqBg/+zw"',
34 verbose headers   'content-encoding': 'gzip',
34 verbose headers   'x-readtime': '14' }
35 silly get cb [ 200,
35 silly get   { server: 'nginx/1.6.3',
35 silly get     date: 'Fri, 08 Dec 2017 08:46:08 GMT',
35 silly get     'content-type': 'application/json; charset=utf-8',
35 silly get     'transfer-encoding': 'chunked',
35 silly get     connection: 'close',
35 silly get     vary: 'Accept-Encoding',
35 silly get     etag: '"3f25-1RomGfdaUz3cNAWqBg/+zw"',
35 silly get     'content-encoding': 'gzip',
35 silly get     'x-readtime': '14' } ]
36 verbose get saving chimee-plugin-gesture to /Users/yandeqiang/.qnpm/registry.npm.qiwoo.org/chimee-plugin-gesture/.cache.json
37 verbose correctMkdir /Users/yandeqiang/.qnpm correctMkdir not in flight; initializing
38 silly fetchPackageMetaData Error: No compatible version found: chimee-plugin-gesture@0.0.8
38 silly fetchPackageMetaData Valid install targets:
38 silly fetchPackageMetaData 0.0.7, 0.0.6, 0.0.5, 0.0.4, 0.0.3, 0.0.2, 0.0.1
38 silly fetchPackageMetaData
38 silly fetchPackageMetaData     at pickVersionFromRegistryDocument (/usr/local/lib/node_modules/@q/qnpm/node_modules/npm/lib/fetch-package-metadata.js:178:16)
38 silly fetchPackageMetaData     at /usr/local/lib/node_modules/@q/qnpm/node_modules/npm/node_modules/iferr/index.js:13:50
38 silly fetchPackageMetaData     at /usr/local/lib/node_modules/@q/qnpm/node_modules/npm/lib/utils/pulse-till-done.js:20:8
38 silly fetchPackageMetaData     at saved (/usr/local/lib/node_modules/@q/qnpm/node_modules/npm/lib/cache/caching-client.js:174:7)
38 silly fetchPackageMetaData     at /usr/local/lib/node_modules/@q/qnpm/node_modules/npm/node_modules/graceful-fs/polyfills.js:241:18
38 silly fetchPackageMetaData     at FSReqWrap.oncomplete (fs.js:135:15)
38 silly fetchPackageMetaData  error for chimee-plugin-gesture@0.0.8 { Error: No compatible version found: chimee-plugin-gesture@0.0.8
38 silly fetchPackageMetaData Valid install targets:
38 silly fetchPackageMetaData 0.0.7, 0.0.6, 0.0.5, 0.0.4, 0.0.3, 0.0.2, 0.0.1
38 silly fetchPackageMetaData
38 silly fetchPackageMetaData     at pickVersionFromRegistryDocument (/usr/local/lib/node_modules/@q/qnpm/node_modules/npm/lib/fetch-package-metadata.js:178:16)
38 silly fetchPackageMetaData     at /usr/local/lib/node_modules/@q/qnpm/node_modules/npm/node_modules/iferr/index.js:13:50
38 silly fetchPackageMetaData     at /usr/local/lib/node_modules/@q/qnpm/node_modules/npm/lib/utils/pulse-till-done.js:20:8
38 silly fetchPackageMetaData     at saved (/usr/local/lib/node_modules/@q/qnpm/node_modules/npm/lib/cache/caching-client.js:174:7)
38 silly fetchPackageMetaData     at /usr/local/lib/node_modules/@q/qnpm/node_modules/npm/node_modules/graceful-fs/polyfills.js:241:18
38 silly fetchPackageMetaData     at FSReqWrap.oncomplete (fs.js:135:15) code: 'ETARGET' }
39 silly rollbackFailedOptional Starting
40 silly rollbackFailedOptional Finishing
41 silly runTopLevelLifecycles Finishing
42 silly install printInstalled
43 verbose stack Error: No compatible version found: chimee-plugin-gesture@0.0.8
43 verbose stack Valid install targets:
43 verbose stack 0.0.7, 0.0.6, 0.0.5, 0.0.4, 0.0.3, 0.0.2, 0.0.1
43 verbose stack
43 verbose stack     at pickVersionFromRegistryDocument (/usr/local/lib/node_modules/@q/qnpm/node_modules/npm/lib/fetch-package-metadata.js:178:16)
43 verbose stack     at /usr/local/lib/node_modules/@q/qnpm/node_modules/npm/node_modules/iferr/index.js:13:50
43 verbose stack     at /usr/local/lib/node_modules/@q/qnpm/node_modules/npm/lib/utils/pulse-till-done.js:20:8
43 verbose stack     at saved (/usr/local/lib/node_modules/@q/qnpm/node_modules/npm/lib/cache/caching-client.js:174:7)
43 verbose stack     at /usr/local/lib/node_modules/@q/qnpm/node_modules/npm/node_modules/graceful-fs/polyfills.js:241:18
43 verbose stack     at FSReqWrap.oncomplete (fs.js:135:15)
44 verbose cwd /Users/yandeqiang/Desktop/git/chimee-mobile-player
45 error Darwin 17.3.0
46 error argv "/usr/local/bin/node" "/usr/local/lib/node_modules/@q/qnpm/node_modules/.bin/npm" "--userconfig=/Users/yandeqiang/.qnpmrc" "--disturl=https://npm.taobao.org/mirrors/node" "--cache=/Users/yandeqiang/.qnpm" "--registry=http://registry.npm.qiwoo.org" "--node-gyp=/usr/local/lib/node_modules/@q/qnpm/node_modules/node-gyp/bin/node-gyp.js" "install" "-D" "chimee-plugin-gesture@0.0.8"
47 error node v8.4.0
48 error npm  v3.10.10
49 error code ETARGET
50 error notarget No compatible version found: chimee-plugin-gesture@0.0.8
50 error notarget Valid install targets:
50 error notarget 0.0.7, 0.0.6, 0.0.5, 0.0.4, 0.0.3, 0.0.2, 0.0.1
51 error notarget This is most likely not a problem with npm itself.
51 error notarget In most cases you or one of your dependencies are requesting
51 error notarget a package version that doesn't exist.
52 verbose exit [ 1, true ]
